Using pre-set license
Built from '2020.2/release' branch; Version is '2020.2.0f1 (3721df5a8b28) revision 3613151'; Using compiler version '192528614'; Build Type 'Release'
OS: 'Windows 10  (10.0.0) 64bit' Language: 'ru' Physical Memory: 16244 MB
BatchMode: 1, IsHumanControllingUs: 0, StartBugReporterOnCrash: 0, Is64bit: 1, IsPro: 0

 COMMAND LINE ARGUMENTS:
D:\Unity\2020.2.0f1\Editor\Unity.exe
-adb2
-batchMode
-noUpm
-name
AssetImportWorker0
-projectPath
D:/UnityShit/RocketFlight
-logFile
Logs/AssetImportWorker0.log
-srvPort
58592
Successfully changed project path to: D:/UnityShit/RocketFlight
D:/UnityShit/RocketFlight
Using Asset Import Pipeline V2.
Refreshing native plugins compatible for Editor in 28.46 ms, found 0 plugins.
Preloading 0 native plugins for Editor in 0.00 ms.
Initialize engine version: 2020.2.0f1 (3721df5a8b28)
[Subsystems] Discovering subsystems at path D:/Unity/2020.2.0f1/Editor/Data/Resources/UnitySubsystems
[Subsystems] Discovering subsystems at path D:/UnityShit/RocketFlight/Assets
GfxDevice: creating device client; threaded=0
Direct3D:
    Version:  Direct3D 11.0 [level 11.1]
    Renderer: NVIDIA GeForce GTX 1060 (ID=0x1c20)
    Vendor:   
    VRAM:     6052 MB
    Driver:   27.21.14.6079
Initialize mono
Mono path[0] = 'D:/Unity/2020.2.0f1/Editor/Data/Managed'
Mono path[1] = 'D:/Unity/2020.2.0f1/Editor/Data/MonoBleedingEdge/lib/mono/unityjit'
Mono config path = 'D:/Unity/2020.2.0f1/Editor/Data/MonoBleedingEdge/etc'
Using monoOptions --debugger-agent=transport=dt_socket,embedding=1,server=y,suspend=n,address=127.0.0.1:56920
Begin MonoManager ReloadAssembly
Registering precompiled unity dll's ...
Register platform support module: D:/Unity/2020.2.0f1/Editor/Data/PlaybackEngines/WebGLSupport/UnityEditor.WebGL.Extensions.dll
Register platform support module: D:/Unity/2020.2.0f1/Editor/Data/PlaybackEngines/WindowsStandaloneSupport/UnityEditor.WindowsStandalone.Extensions.dll
Registered in 0.001263 seconds.
Native extension for WindowsStandalone target not found
Native extension for WebGL target not found
Refreshing native plugins compatible for Editor in 40.38 ms, found 0 plugins.
Preloading 0 native plugins for Editor in 0.00 ms.
Invoked RoslynAnalysisRunner static constructor.
RoslynAnalysisRunner will not be running.
RoslynAnalysisRunner has terminated.
Mono: successfully reloaded assembly
- Completed reload, in  1.672 seconds
Platform modules already initialized, skipping
Registering precompiled user dll's ...
Registered in 0.000568 seconds.
Begin MonoManager ReloadAssembly
Native extension for WindowsStandalone target not found
Native extension for WebGL target not found
Refreshing native plugins compatible for Editor in 0.20 ms, found 0 plugins.
Preloading 0 native plugins for Editor in 0.00 ms.
Invoked RoslynAnalysisRunner static constructor.
RoslynAnalysisRunner will not be running.
RoslynAnalysisRunner has terminated.
Mono: successfully reloaded assembly
- Completed reload, in  0.920 seconds
Platform modules already initialized, skipping
========================================================================
Worker process is ready to serve import requests
Launched and connected shader compiler UnityShaderCompiler.exe after 0.05 seconds
Refreshing native plugins compatible for Editor in 0.24 ms, found 0 plugins.
Preloading 0 native plugins for Editor in 0.00 ms.
Unloading 1103 Unused Serialized files (Serialized files now loaded: 0)
System memory in use before: 56.8 MB.
System memory in use after: 56.8 MB.

Unloading 10 unused Assets to reduce memory usage. Loaded Objects now: 1546.
Total: 2.852100 ms (FindLiveObjects: 0.353400 ms CreateObjectMapping: 0.159300 ms MarkObjects: 2.204300 ms  DeleteObjects: 0.106800 ms)

========================================================================
Received Import Request.
  path: Assets
  artifactKey: Guid(00000000000000001000000000000000) Importer(815301076,1909f56bfc062723c751e8b465ee728b)
Start importing Assets using Guid(00000000000000001000000000000000) Importer(815301076,1909f56bfc062723c751e8b465ee728b)  -> (artifact id: 'b41cfa13f056e58f64cf5f3363de7353') in 0.009605 seconds
  Import took 0.012159 seconds .

========================================================================
Received Import Request.
  Time since last request: 2.318993 seconds.
  path: Assets/Ыскшзеы
  artifactKey: Guid(739d9d6940fbf184aaf3079d8cc30474) Importer(815301076,1909f56bfc062723c751e8b465ee728b)
Start importing Assets/Ыскшзеы using Guid(739d9d6940fbf184aaf3079d8cc30474) Importer(815301076,1909f56bfc062723c751e8b465ee728b)  -> (artifact id: '9ab0509a1ec03a66682d1fce9bbceffd') in 0.010360 seconds
  Import took 0.013948 seconds .

========================================================================
Received Import Request.
  Time since last request: 4.720940 seconds.
  path: Assets/Scripts
  artifactKey: Guid(739d9d6940fbf184aaf3079d8cc30474) Importer(815301076,1909f56bfc062723c751e8b465ee728b)
Start importing Assets/Scripts using Guid(739d9d6940fbf184aaf3079d8cc30474) Importer(815301076,1909f56bfc062723c751e8b465ee728b)  -> (artifact id: '56865a40a40ada8763bcf988569317fe') in 0.011425 seconds
  Import took 0.014597 seconds .

========================================================================
Received Import Request.
  Time since last request: 0.969582 seconds.
  path: Assets/CameraFollow.cs
  artifactKey: Guid(f3c70af2211ff4b4e95435c9d418a070) Importer(815301076,1909f56bfc062723c751e8b465ee728b)
Start importing Assets/CameraFollow.cs using Guid(f3c70af2211ff4b4e95435c9d418a070) Importer(815301076,1909f56bfc062723c751e8b465ee728b)  -> (artifact id: '9449a810be5d24848648ae63c4082397') in 0.054803 seconds
  Import took 0.057118 seconds .

========================================================================
Received Import Request.
  Time since last request: 0.652272 seconds.
  path: Assets/DeathManager.cs
  artifactKey: Guid(68f9e672b4aca8a4bb80249580ea0685) Importer(815301076,1909f56bfc062723c751e8b465ee728b)
Start importing Assets/DeathManager.cs using Guid(68f9e672b4aca8a4bb80249580ea0685) Importer(815301076,1909f56bfc062723c751e8b465ee728b)  -> (artifact id: 'aa26863ee475b0744963078035406d9c') in 0.008396 seconds
  Import took 0.012894 seconds .

========================================================================
Received Import Request.
  Time since last request: 4.707216 seconds.
  path: Assets/Controls.cs
  artifactKey: Guid(f913e85b02d84834c9b54811553236d0) Importer(815301076,1909f56bfc062723c751e8b465ee728b)
Start importing Assets/Controls.cs using Guid(f913e85b02d84834c9b54811553236d0) Importer(815301076,1909f56bfc062723c751e8b465ee728b)  -> (artifact id: 'fb67571b9cbf91b2ab43ccef543f3505') in 0.009268 seconds
  Import took 0.012556 seconds .

========================================================================
Received Prepare
Registering precompiled user dll's ...
Registered in 0.000563 seconds.
Begin MonoManager ReloadAssembly
Native extension for WindowsStandalone target not found
Native extension for WebGL target not found
Refreshing native plugins compatible for Editor in 0.39 ms, found 0 plugins.
Preloading 0 native plugins for Editor in 0.00 ms.
Invoked RoslynAnalysisRunner static constructor.
RoslynAnalysisRunner will not be running.
RoslynAnalysisRunner has terminated.
Mono: successfully reloaded assembly
- Completed reload, in  0.872 seconds
Platform modules already initialized, skipping
Refreshing native plugins compatible for Editor in 0.25 ms, found 0 plugins.
Preloading 0 native plugins for Editor in 0.00 ms.
Unloading 1100 Unused Serialized files (Serialized files now loaded: 0)
System memory in use before: 57.0 MB.
System memory in use after: 57.1 MB.

Unloading 5 unused Assets to reduce memory usage. Loaded Objects now: 1548.
Total: 2.795900 ms (FindLiveObjects: 0.314300 ms CreateObjectMapping: 0.065800 ms MarkObjects: 2.315600 ms  DeleteObjects: 0.098700 ms)

========================================================================
Received Import Request.
  Time since last request: 21.025650 seconds.
  path: Assets/Scripts/New Folder
  artifactKey: Guid(489e98a7e4e94bf46b16aac1f670a799) Importer(815301076,1909f56bfc062723c751e8b465ee728b)
Start importing Assets/Scripts/New Folder using Guid(489e98a7e4e94bf46b16aac1f670a799) Importer(815301076,1909f56bfc062723c751e8b465ee728b)  -> (artifact id: '89d272150f8e3548c013cae7dfbd567e') in 0.010091 seconds
  Import took 0.012205 seconds .

========================================================================
Received Import Request.
  Time since last request: 0.006487 seconds.
  path: Assets/Scripts/New Folder
  artifactKey: Guid(489e98a7e4e94bf46b16aac1f670a799) Importer(815301076,1909f56bfc062723c751e8b465ee728b)
Start importing Assets/Scripts/New Folder using Guid(489e98a7e4e94bf46b16aac1f670a799) Importer(815301076,1909f56bfc062723c751e8b465ee728b)  -> (artifact id: '89d272150f8e3548c013cae7dfbd567e') in 0.002579 seconds
  Import took 0.005691 seconds .

========================================================================
Received Import Request.
  Time since last request: 7.330095 seconds.
  path: Assets/Scripts/UI
  artifactKey: Guid(489e98a7e4e94bf46b16aac1f670a799) Importer(815301076,1909f56bfc062723c751e8b465ee728b)
Start importing Assets/Scripts/UI using Guid(489e98a7e4e94bf46b16aac1f670a799) Importer(815301076,1909f56bfc062723c751e8b465ee728b)  -> (artifact id: 'be2c344f56a1b6796e7a41b991f2366d') in 0.009403 seconds
  Import took 0.015892 seconds .

========================================================================
Received Prepare
Registering precompiled user dll's ...
Registered in 0.000517 seconds.
Begin MonoManager ReloadAssembly
Native extension for WindowsStandalone target not found
Native extension for WebGL target not found
Refreshing native plugins compatible for Editor in 0.20 ms, found 0 plugins.
Preloading 0 native plugins for Editor in 0.00 ms.
Invoked RoslynAnalysisRunner static constructor.
RoslynAnalysisRunner will not be running.
RoslynAnalysisRunner has terminated.
Mono: successfully reloaded assembly
- Completed reload, in  0.884 seconds
Platform modules already initialized, skipping
Refreshing native plugins compatible for Editor in 0.25 ms, found 0 plugins.
Preloading 0 native plugins for Editor in 0.00 ms.
Unloading 1101 Unused Serialized files (Serialized files now loaded: 0)
System memory in use before: 57.3 MB.
System memory in use after: 57.3 MB.

Unloading 5 unused Assets to reduce memory usage. Loaded Objects now: 1550.
Total: 2.634000 ms (FindLiveObjects: 0.243200 ms CreateObjectMapping: 0.184400 ms MarkObjects: 2.133100 ms  DeleteObjects: 0.072100 ms)

========================================================================
Received Import Request.
  Time since last request: 11.884350 seconds.
  path: Assets/Scripts/Controls
  artifactKey: Guid(2dc200be36fe0504d93475fee86f11da) Importer(815301076,1909f56bfc062723c751e8b465ee728b)
Start importing Assets/Scripts/Controls using Guid(2dc200be36fe0504d93475fee86f11da) Importer(815301076,1909f56bfc062723c751e8b465ee728b)  -> (artifact id: '6cafc47287a6cbbc54b26ae387fac0f7') in 0.004454 seconds
  Import took 0.006635 seconds .

========================================================================
Received Import Request.
  Time since last request: 0.010391 seconds.
  path: Assets/Scripts/Controls
  artifactKey: Guid(2dc200be36fe0504d93475fee86f11da) Importer(815301076,1909f56bfc062723c751e8b465ee728b)
Start importing Assets/Scripts/Controls using Guid(2dc200be36fe0504d93475fee86f11da) Importer(815301076,1909f56bfc062723c751e8b465ee728b)  -> (artifact id: '6cafc47287a6cbbc54b26ae387fac0f7') in 0.002423 seconds
  Import took 0.005326 seconds .

========================================================================
Received Prepare
Registering precompiled user dll's ...
Registered in 0.000523 seconds.
Begin MonoManager ReloadAssembly
Native extension for WindowsStandalone target not found
Native extension for WebGL target not found
Refreshing native plugins compatible for Editor in 0.20 ms, found 0 plugins.
Preloading 0 native plugins for Editor in 0.00 ms.
Invoked RoslynAnalysisRunner static constructor.
RoslynAnalysisRunner will not be running.
RoslynAnalysisRunner has terminated.
Mono: successfully reloaded assembly
- Completed reload, in  0.950 seconds
Platform modules already initialized, skipping
Refreshing native plugins compatible for Editor in 0.22 ms, found 0 plugins.
Preloading 0 native plugins for Editor in 0.00 ms.
Unloading 1101 Unused Serialized files (Serialized files now loaded: 0)
System memory in use before: 57.5 MB.
System memory in use after: 57.5 MB.

Unloading 5 unused Assets to reduce memory usage. Loaded Objects now: 1552.
Total: 2.235500 ms (FindLiveObjects: 0.179000 ms CreateObjectMapping: 0.104200 ms MarkObjects: 1.848600 ms  DeleteObjects: 0.101400 ms)

========================================================================
Received Import Request.
  Time since last request: 15.311654 seconds.
  path: Assets/Scripts/GameManagement
  artifactKey: Guid(0b10885591288fe48a7a0347c383c97c) Importer(815301076,1909f56bfc062723c751e8b465ee728b)
Start importing Assets/Scripts/GameManagement using Guid(0b10885591288fe48a7a0347c383c97c) Importer(815301076,1909f56bfc062723c751e8b465ee728b)  -> (artifact id: '9ee0997f1451db14a374ed3be5b1e282') in 0.015734 seconds
  Import took 0.018232 seconds .

========================================================================
Received Import Request.
  Time since last request: 0.002137 seconds.
  path: Assets/Scripts/GameManagement
  artifactKey: Guid(0b10885591288fe48a7a0347c383c97c) Importer(815301076,1909f56bfc062723c751e8b465ee728b)
Start importing Assets/Scripts/GameManagement using Guid(0b10885591288fe48a7a0347c383c97c) Importer(815301076,1909f56bfc062723c751e8b465ee728b)  -> (artifact id: '9ee0997f1451db14a374ed3be5b1e282') in 0.006501 seconds
  Import took 0.011962 seconds .

========================================================================
Received Prepare
Registering precompiled user dll's ...
Registered in 0.000705 seconds.
Begin MonoManager ReloadAssembly
Native extension for WindowsStandalone target not found
Native extension for WebGL target not found
Refreshing native plugins compatible for Editor in 0.22 ms, found 0 plugins.
Preloading 0 native plugins for Editor in 0.00 ms.
Invoked RoslynAnalysisRunner static constructor.
RoslynAnalysisRunner will not be running.
RoslynAnalysisRunner has terminated.
Mono: successfully reloaded assembly
- Completed reload, in  0.916 seconds
Platform modules already initialized, skipping
Refreshing native plugins compatible for Editor in 1.26 ms, found 0 plugins.
Preloading 0 native plugins for Editor in 0.00 ms.
Unloading 1101 Unused Serialized files (Serialized files now loaded: 0)
System memory in use before: 57.6 MB.
System memory in use after: 57.7 MB.

Unloading 5 unused Assets to reduce memory usage. Loaded Objects now: 1554.
Total: 4.756900 ms (FindLiveObjects: 1.604400 ms CreateObjectMapping: 0.412800 ms MarkObjects: 2.680000 ms  DeleteObjects: 0.053200 ms)

========================================================================
Received Prepare
Registering precompiled user dll's ...
Registered in 0.000566 seconds.
Begin MonoManager ReloadAssembly
Native extension for WindowsStandalone target not found
Native extension for WebGL target not found
Refreshing native plugins compatible for Editor in 0.21 ms, found 0 plugins.
Preloading 0 native plugins for Editor in 0.00 ms.
Invoked RoslynAnalysisRunner static constructor.
RoslynAnalysisRunner will not be running.
RoslynAnalysisRunner has terminated.
Mono: successfully reloaded assembly
- Completed reload, in  0.961 seconds
Platform modules already initialized, skipping
Refreshing native plugins compatible for Editor in 0.22 ms, found 0 plugins.
Preloading 0 native plugins for Editor in 0.00 ms.
Unloading 1101 Unused Serialized files (Serialized files now loaded: 0)
System memory in use before: 57.8 MB.
System memory in use after: 57.8 MB.

Unloading 5 unused Assets to reduce memory usage. Loaded Objects now: 1556.
Total: 1.968200 ms (FindLiveObjects: 0.173400 ms CreateObjectMapping: 0.036300 ms MarkObjects: 1.686700 ms  DeleteObjects: 0.070400 ms)

========================================================================
Received Prepare
Registering precompiled user dll's ...
Registered in 0.000802 seconds.
Begin MonoManager ReloadAssembly
Native extension for WindowsStandalone target not found
Native extension for WebGL target not found
Refreshing native plugins compatible for Editor in 0.21 ms, found 0 plugins.
Preloading 0 native plugins for Editor in 0.00 ms.
Invoked RoslynAnalysisRunner static constructor.
RoslynAnalysisRunner will not be running.
RoslynAnalysisRunner has terminated.
Mono: successfully reloaded assembly
- Completed reload, in  0.932 seconds
Platform modules already initialized, skipping
Refreshing native plugins compatible for Editor in 0.22 ms, found 0 plugins.
Preloading 0 native plugins for Editor in 0.00 ms.
Unloading 1101 Unused Serialized files (Serialized files now loaded: 0)
System memory in use before: 58.0 MB.
System memory in use after: 58.1 MB.

Unloading 5 unused Assets to reduce memory usage. Loaded Objects now: 1558.
Total: 2.410200 ms (FindLiveObjects: 0.233200 ms CreateObjectMapping: 0.040300 ms MarkObjects: 1.981300 ms  DeleteObjects: 0.153500 ms)

========================================================================
Received Prepare
Registering precompiled user dll's ...
Registered in 0.000931 seconds.
Begin MonoManager ReloadAssembly
Native extension for WindowsStandalone target not found
Native extension for WebGL target not found
Refreshing native plugins compatible for Editor in 0.21 ms, found 0 plugins.
Preloading 0 native plugins for Editor in 0.00 ms.
Invoked RoslynAnalysisRunner static constructor.
RoslynAnalysisRunner will not be running.
RoslynAnalysisRunner has terminated.
Mono: successfully reloaded assembly
- Completed reload, in  0.922 seconds
Platform modules already initialized, skipping
Refreshing native plugins compatible for Editor in 0.22 ms, found 0 plugins.
Preloading 0 native plugins for Editor in 0.00 ms.
Unloading 1101 Unused Serialized files (Serialized files now loaded: 0)
System memory in use before: 58.2 MB.
System memory in use after: 58.3 MB.

Unloading 5 unused Assets to reduce memory usage. Loaded Objects now: 1560.
Total: 2.039600 ms (FindLiveObjects: 0.261000 ms CreateObjectMapping: 0.088400 ms MarkObjects: 1.597200 ms  DeleteObjects: 0.090600 ms)

========================================================================
Received Import Request.
  Time since last request: 27.491165 seconds.
  path: Assets/Scripts/Movement
  artifactKey: Guid(fd5647608c0316048a2c230d8d05f2cf) Importer(815301076,1909f56bfc062723c751e8b465ee728b)
Start importing Assets/Scripts/Movement using Guid(fd5647608c0316048a2c230d8d05f2cf) Importer(815301076,1909f56bfc062723c751e8b465ee728b)  -> (artifact id: 'e4e5bade8c3c108e51ee799fc5d742a1') in 0.009536 seconds
  Import took 0.011808 seconds .

========================================================================
Received Import Request.
  Time since last request: 0.005990 seconds.
  path: Assets/Scripts/Movement
  artifactKey: Guid(fd5647608c0316048a2c230d8d05f2cf) Importer(815301076,1909f56bfc062723c751e8b465ee728b)
Start importing Assets/Scripts/Movement using Guid(fd5647608c0316048a2c230d8d05f2cf) Importer(815301076,1909f56bfc062723c751e8b465ee728b)  -> (artifact id: 'e4e5bade8c3c108e51ee799fc5d742a1') in 0.002226 seconds
  Import took 0.004703 seconds .

========================================================================
Received Import Request.
  Time since last request: 0.570980 seconds.
  path: Assets/Scripts/Flight.cs
  artifactKey: Guid(6af54acd7ebe35e4695927b537af8d88) Importer(815301076,1909f56bfc062723c751e8b465ee728b)
Start importing Assets/Scripts/Flight.cs using Guid(6af54acd7ebe35e4695927b537af8d88) Importer(815301076,1909f56bfc062723c751e8b465ee728b)  -> (artifact id: '3a56c0e408e75e4f79c9fc6d3224920b') in 0.006573 seconds
  Import took 0.011118 seconds .

========================================================================
Received Import Request.
  Time since last request: 0.035790 seconds.
  path: Assets/Scripts/Flight.cs
  artifactKey: Guid(6af54acd7ebe35e4695927b537af8d88) Importer(815301076,1909f56bfc062723c751e8b465ee728b)
Start importing Assets/Scripts/Flight.cs using Guid(6af54acd7ebe35e4695927b537af8d88) Importer(815301076,1909f56bfc062723c751e8b465ee728b)  -> (artifact id: '3a56c0e408e75e4f79c9fc6d3224920b') in 0.002384 seconds
  Import took 0.004808 seconds .

========================================================================
Received Prepare
Registering precompiled user dll's ...
Registered in 0.000530 seconds.
Begin MonoManager ReloadAssembly
Native extension for WindowsStandalone target not found
Native extension for WebGL target not found
Refreshing native plugins compatible for Editor in 0.21 ms, found 0 plugins.
Preloading 0 native plugins for Editor in 0.00 ms.
Invoked RoslynAnalysisRunner static constructor.
RoslynAnalysisRunner will not be running.
RoslynAnalysisRunner has terminated.
Mono: successfully reloaded assembly
- Completed reload, in  0.994 seconds
Platform modules already initialized, skipping
Refreshing native plugins compatible for Editor in 0.24 ms, found 0 plugins.
Preloading 0 native plugins for Editor in 0.00 ms.
Unloading 1101 Unused Serialized files (Serialized files now loaded: 0)
System memory in use before: 58.4 MB.
System memory in use after: 58.5 MB.

Unloading 5 unused Assets to reduce memory usage. Loaded Objects now: 1562.
Total: 2.537900 ms (FindLiveObjects: 0.271200 ms CreateObjectMapping: 0.108500 ms MarkObjects: 2.061800 ms  DeleteObjects: 0.094900 ms)

========================================================================
Received Import Request.
  Time since last request: 14.609729 seconds.
  path: Assets/Prefabs
  artifactKey: Guid(3e0d0d8c1dd550e46a37393026f39e87) Importer(815301076,1909f56bfc062723c751e8b465ee728b)
Start importing Assets/Prefabs using Guid(3e0d0d8c1dd550e46a37393026f39e87) Importer(815301076,1909f56bfc062723c751e8b465ee728b)  -> (artifact id: '83243da6fd81ff137c482ca074e31caf') in 0.021865 seconds
  Import took 0.025110 seconds .

========================================================================
Received Import Request.
  Time since last request: 13.868798 seconds.
  path: Assets/starfieldSprite.png
  artifactKey: Guid(afb21ef1c85812f4987d017b21d15217) Importer(815301076,1909f56bfc062723c751e8b465ee728b)
Start importing Assets/starfieldSprite.png using Guid(afb21ef1c85812f4987d017b21d15217) Importer(815301076,1909f56bfc062723c751e8b465ee728b)  -> (artifact id: '4f4da6cc43e69ee918e212f1db4b7a96') in 0.114919 seconds
  Import took 0.118036 seconds .

========================================================================
Received Import Request.
  Time since last request: 4.447187 seconds.
  path: Assets/starfieldSprite 1.png
  artifactKey: Guid(9ba89997dfd82cb439da29304f62053e) Importer(815301076,1909f56bfc062723c751e8b465ee728b)
Start importing Assets/starfieldSprite 1.png using Guid(9ba89997dfd82cb439da29304f62053e) Importer(815301076,1909f56bfc062723c751e8b465ee728b)  -> (artifact id: '4bd4c0c3f5b2b2d374cbc743dcf6b6f3') in 0.033007 seconds
  Import took 0.038516 seconds .

========================================================================
Received Import Request.
  Time since last request: 0.002284 seconds.
  path: Assets/starfieldSprite 1.png
  artifactKey: Guid(9ba89997dfd82cb439da29304f62053e) Importer(815301076,1909f56bfc062723c751e8b465ee728b)
Start importing Assets/starfieldSprite 1.png using Guid(9ba89997dfd82cb439da29304f62053e) Importer(815301076,1909f56bfc062723c751e8b465ee728b)  -> (artifact id: '4bd4c0c3f5b2b2d374cbc743dcf6b6f3') in 0.025676 seconds
  Import took 0.029509 seconds .

========================================================================
Received Import Request.
  Time since last request: 11.225643 seconds.
  path: Assets/starfieldSprite 1.png
  artifactKey: Guid(9ba89997dfd82cb439da29304f62053e) Importer(815301076,1909f56bfc062723c751e8b465ee728b)
Start importing Assets/starfieldSprite 1.png using Guid(9ba89997dfd82cb439da29304f62053e) Importer(815301076,1909f56bfc062723c751e8b465ee728b)  -> (artifact id: '832d03d5697706e57d25a8e2b8bbcd8d') in 0.155943 seconds
  Import took 0.159110 seconds .

========================================================================
Received Prepare
Registering precompiled user dll's ...
Registered in 0.001129 seconds.
Begin MonoManager ReloadAssembly
Native extension for WindowsStandalone target not found
Native extension for WebGL target not found
Refreshing native plugins compatible for Editor in 0.20 ms, found 0 plugins.
Preloading 0 native plugins for Editor in 0.00 ms.
Invoked RoslynAnalysisRunner static constructor.
RoslynAnalysisRunner will not be running.
RoslynAnalysisRunner has terminated.
Mono: successfully reloaded assembly
- Completed reload, in  0.935 seconds
Platform modules already initialized, skipping
Refreshing native plugins compatible for Editor in 0.26 ms, found 0 plugins.
Preloading 0 native plugins for Editor in 0.00 ms.
Unloading 1101 Unused Serialized files (Serialized files now loaded: 0)
System memory in use before: 61.7 MB.
System memory in use after: 61.8 MB.

Unloading 5 unused Assets to reduce memory usage. Loaded Objects now: 1571.
Total: 2.509400 ms (FindLiveObjects: 0.550500 ms CreateObjectMapping: 0.067400 ms MarkObjects: 1.819000 ms  DeleteObjects: 0.070700 ms)

========================================================================
Received Import Request.
  Time since last request: 613.023261 seconds.
  path: Assets/pngtree-future-technology-ui-game-icon-button-png-image_2367790.jpg
  artifactKey: Guid(ac30b00a4aa03134c8864ffb634e59c7) Importer(815301076,1909f56bfc062723c751e8b465ee728b)
Start importing Assets/pngtree-future-technology-ui-game-icon-button-png-image_2367790.jpg using Guid(ac30b00a4aa03134c8864ffb634e59c7) Importer(815301076,1909f56bfc062723c751e8b465ee728b)  -> (artifact id: 'b5becbb40d7bc539c5ffba98e3631175') in 0.056831 seconds
  Import took 0.059396 seconds .

========================================================================
Received Import Request.
  Time since last request: 6.003764 seconds.
  path: Assets/pngtree-future-technology-ui-game-icon-button-png-image_2367790.jpg
  artifactKey: Guid(ac30b00a4aa03134c8864ffb634e59c7) Importer(815301076,1909f56bfc062723c751e8b465ee728b)
Start importing Assets/pngtree-future-technology-ui-game-icon-button-png-image_2367790.jpg using Guid(ac30b00a4aa03134c8864ffb634e59c7) Importer(815301076,1909f56bfc062723c751e8b465ee728b)  -> (artifact id: '2bf7d76bcec00ff091fcf95297352643') in 0.069445 seconds
  Import took 0.074349 seconds .

========================================================================
Received Import Request.
  Time since last request: 284.982926 seconds.
  path: Assets/5a3740be5a73a2.9289435715135704943705.png
  artifactKey: Guid(fa1aaef633e47f94fae839e2bc54f542) Importer(815301076,1909f56bfc062723c751e8b465ee728b)
Start importing Assets/5a3740be5a73a2.9289435715135704943705.png using Guid(fa1aaef633e47f94fae839e2bc54f542) Importer(815301076,1909f56bfc062723c751e8b465ee728b)  -> (artifact id: '920d5bba0a072c46d3b8919f22af84a7') in 0.117997 seconds
  Import took 0.121587 seconds .

========================================================================
Received Import Request.
  Time since last request: 14.566814 seconds.
  path: Assets/5a3740be5a73a2.9289435715135704943705.png
  artifactKey: Guid(fa1aaef633e47f94fae839e2bc54f542) Importer(815301076,1909f56bfc062723c751e8b465ee728b)
Start importing Assets/5a3740be5a73a2.9289435715135704943705.png using Guid(fa1aaef633e47f94fae839e2bc54f542) Importer(815301076,1909f56bfc062723c751e8b465ee728b)  -> (artifact id: '67fe13d7521ff5fb9fe10ce9844b31d0') in 0.092019 seconds
  Import took 0.101825 seconds .

========================================================================
Received Import Request.
  Time since last request: 16.887662 seconds.
  path: Assets/ButtonSprite.png
  artifactKey: Guid(fa1aaef633e47f94fae839e2bc54f542) Importer(815301076,1909f56bfc062723c751e8b465ee728b)
Start importing Assets/ButtonSprite.png using Guid(fa1aaef633e47f94fae839e2bc54f542) Importer(815301076,1909f56bfc062723c751e8b465ee728b)  -> (artifact id: 'bd69abafdab94dadbb9ed85231c2ea86') in 0.028624 seconds
  Import took 0.031617 seconds .

========================================================================
Received Import Request.
  Time since last request: 152.324520 seconds.
  path: Assets/SpaceRangerAcademy-1WnM.otf
  artifactKey: Guid(d9f51e119f0c26942ac5498a56465be4) Importer(815301076,1909f56bfc062723c751e8b465ee728b)
Start importing Assets/SpaceRangerAcademy-1WnM.otf using Guid(d9f51e119f0c26942ac5498a56465be4) Importer(815301076,1909f56bfc062723c751e8b465ee728b)  -> (artifact id: '0df73148e8fd2fc3429b168c643815a8') in 0.171099 seconds
  Import took 0.174398 seconds .

========================================================================
Received Prepare
Registering precompiled user dll's ...
Registered in 0.000498 seconds.
Begin MonoManager ReloadAssembly
Native extension for WindowsStandalone target not found
Native extension for WebGL target not found
Refreshing native plugins compatible for Editor in 2.83 ms, found 0 plugins.
Preloading 0 native plugins for Editor in 0.00 ms.
Invoked RoslynAnalysisRunner static constructor.
RoslynAnalysisRunner will not be running.
RoslynAnalysisRunner has terminated.
Mono: successfully reloaded assembly
- Completed reload, in  2.136 seconds
Platform modules already initialized, skipping
Refreshing native plugins compatible for Editor in 0.30 ms, found 0 plugins.
Preloading 0 native plugins for Editor in 0.00 ms.
Unloading 1101 Unused Serialized files (Serialized files now loaded: 0)
System memory in use before: 62.3 MB.
System memory in use after: 62.4 MB.

Unloading 5 unused Assets to reduce memory usage. Loaded Objects now: 1618.
Total: 1.927300 ms (FindLiveObjects: 0.178400 ms CreateObjectMapping: 0.042600 ms MarkObjects: 1.627300 ms  DeleteObjects: 0.077700 ms)

========================================================================
Received Import Request.
  Time since last request: 597.586946 seconds.
  path: Assets/Scripts/GameManagement/ObjectPool.cs
  artifactKey: Guid(b9003e944f5acb44fae7e3b543183514) Importer(815301076,1909f56bfc062723c751e8b465ee728b)
Start importing Assets/Scripts/GameManagement/ObjectPool.cs using Guid(b9003e944f5acb44fae7e3b543183514) Importer(815301076,1909f56bfc062723c751e8b465ee728b)  -> (artifact id: '13c5666888631b01a54b8680942221e8') in 0.009603 seconds
  Import took 0.012224 seconds .

========================================================================
Received Prepare
Registering precompiled user dll's ...
Registered in 0.000619 seconds.
Begin MonoManager ReloadAssembly
Native extension for WindowsStandalone target not found
Native extension for WebGL target not found
Refreshing native plugins compatible for Editor in 0.25 ms, found 0 plugins.
Preloading 0 native plugins for Editor in 0.00 ms.
Invoked RoslynAnalysisRunner static constructor.
RoslynAnalysisRunner will not be running.
RoslynAnalysisRunner has terminated.
Mono: successfully reloaded assembly
- Completed reload, in  0.958 seconds
Platform modules already initialized, skipping
Refreshing native plugins compatible for Editor in 0.23 ms, found 0 plugins.
Preloading 0 native plugins for Editor in 0.00 ms.
Unloading 1101 Unused Serialized files (Serialized files now loaded: 0)
System memory in use before: 61.5 MB.
System memory in use after: 61.6 MB.

Unloading 5 unused Assets to reduce memory usage. Loaded Objects now: 1620.
Total: 2.358800 ms (FindLiveObjects: 0.226100 ms CreateObjectMapping: 0.050000 ms MarkObjects: 1.986800 ms  DeleteObjects: 0.094500 ms)

========================================================================
Received Import Request.
  Time since last request: 130.779793 seconds.
  path: Assets/Scripts/GameManagement/ObjectPool.cs
  artifactKey: Guid(b9003e944f5acb44fae7e3b543183514) Importer(815301076,1909f56bfc062723c751e8b465ee728b)
Start importing Assets/Scripts/GameManagement/ObjectPool.cs using Guid(b9003e944f5acb44fae7e3b543183514) Importer(815301076,1909f56bfc062723c751e8b465ee728b)  -> (artifact id: 'f12c14e4c4e9a932b8792a1c10365fac') in 0.008197 seconds
  Import took 0.011714 seconds .

========================================================================
Received Prepare
Registering precompiled user dll's ...
Registered in 0.000663 seconds.
Begin MonoManager ReloadAssembly
Native extension for WindowsStandalone target not found
Native extension for WebGL target not found
Refreshing native plugins compatible for Editor in 0.26 ms, found 0 plugins.
Preloading 0 native plugins for Editor in 0.00 ms.
Invoked RoslynAnalysisRunner static constructor.
RoslynAnalysisRunner will not be running.
RoslynAnalysisRunner has terminated.
Mono: successfully reloaded assembly
- Completed reload, in  1.009 seconds
Platform modules already initialized, skipping
Refreshing native plugins compatible for Editor in 0.24 ms, found 0 plugins.
Preloading 0 native plugins for Editor in 0.00 ms.
Unloading 1101 Unused Serialized files (Serialized files now loaded: 0)
System memory in use before: 61.7 MB.
System memory in use after: 61.8 MB.

Unloading 5 unused Assets to reduce memory usage. Loaded Objects now: 1622.
Total: 2.510200 ms (FindLiveObjects: 0.340100 ms CreateObjectMapping: 0.055900 ms MarkObjects: 2.051500 ms  DeleteObjects: 0.060700 ms)

========================================================================
Received Prepare
Registering precompiled user dll's ...
Registered in 0.001081 seconds.
Begin MonoManager ReloadAssembly
Native extension for WindowsStandalone target not found
Native extension for WebGL target not found
Refreshing native plugins compatible for Editor in 0.22 ms, found 0 plugins.
Preloading 0 native plugins for Editor in 0.00 ms.
Invoked RoslynAnalysisRunner static constructor.
RoslynAnalysisRunner will not be running.
RoslynAnalysisRunner has terminated.
Mono: successfully reloaded assembly
- Completed reload, in  1.352 seconds
Platform modules already initialized, skipping
Refreshing native plugins compatible for Editor in 0.27 ms, found 0 plugins.
Preloading 0 native plugins for Editor in 0.00 ms.
Unloading 1101 Unused Serialized files (Serialized files now loaded: 0)
System memory in use before: 61.9 MB.
System memory in use after: 62.0 MB.

Unloading 5 unused Assets to reduce memory usage. Loaded Objects now: 1624.
Total: 4.662200 ms (FindLiveObjects: 0.459700 ms CreateObjectMapping: 0.136300 ms MarkObjects: 3.935100 ms  DeleteObjects: 0.127900 ms)

========================================================================
Received Prepare
Registering precompiled user dll's ...
Registered in 0.000829 seconds.
Begin MonoManager ReloadAssembly
Native extension for WindowsStandalone target not found
Native extension for WebGL target not found
Refreshing native plugins compatible for Editor in 0.23 ms, found 0 plugins.
Preloading 0 native plugins for Editor in 0.00 ms.
Invoked RoslynAnalysisRunner static constructor.
RoslynAnalysisRunner will not be running.
RoslynAnalysisRunner has terminated.
Mono: successfully reloaded assembly
- Completed reload, in  1.178 seconds
Platform modules already initialized, skipping
Refreshing native plugins compatible for Editor in 0.27 ms, found 0 plugins.
Preloading 0 native plugins for Editor in 0.00 ms.
Unloading 1101 Unused Serialized files (Serialized files now loaded: 0)
System memory in use before: 62.1 MB.
System memory in use after: 62.2 MB.

Unloading 5 unused Assets to reduce memory usage. Loaded Objects now: 1626.
Total: 2.223500 ms (FindLiveObjects: 0.312200 ms CreateObjectMapping: 0.116700 ms MarkObjects: 1.715300 ms  DeleteObjects: 0.077600 ms)

========================================================================
Received Prepare
Registering precompiled user dll's ...
Registered in 0.000640 seconds.
Begin MonoManager ReloadAssembly
Native extension for WindowsStandalone target not found
Native extension for WebGL target not found
Refreshing native plugins compatible for Editor in 0.34 ms, found 0 plugins.
Preloading 0 native plugins for Editor in 0.00 ms.
Invoked RoslynAnalysisRunner static constructor.
RoslynAnalysisRunner will not be running.
RoslynAnalysisRunner has terminated.
Mono: successfully reloaded assembly
- Completed reload, in  1.520 seconds
Platform modules already initialized, skipping
Refreshing native plugins compatible for Editor in 0.22 ms, found 0 plugins.
Preloading 0 native plugins for Editor in 0.00 ms.
Unloading 1101 Unused Serialized files (Serialized files now loaded: 0)
System memory in use before: 62.3 MB.
System memory in use after: 62.4 MB.

Unloading 5 unused Assets to reduce memory usage. Loaded Objects now: 1628.
Total: 2.472400 ms (FindLiveObjects: 0.348300 ms CreateObjectMapping: 0.068100 ms MarkObjects: 1.973800 ms  DeleteObjects: 0.080200 ms)

========================================================================
Received Import Request.
  Time since last request: 1634.655748 seconds.
  path: Assets/Prefabs/AurynSky
  artifactKey: Guid(0c866bbb170c05946b1ab453a1139198) Importer(815301076,1909f56bfc062723c751e8b465ee728b)
Start importing Assets/Prefabs/AurynSky using Guid(0c866bbb170c05946b1ab453a1139198) Importer(815301076,1909f56bfc062723c751e8b465ee728b)  -> (artifact id: '64652da34ed4fa181b9d841ac4c0aef8') in 0.015282 seconds
  Import took 0.019589 seconds .

========================================================================
Received Import Request.
  Time since last request: 0.737085 seconds.
  path: Assets/Prefabs/AurynSky/Forest Pack
  artifactKey: Guid(6558d2133b7a24c4a89b5b4cb6728790) Importer(815301076,1909f56bfc062723c751e8b465ee728b)
Start importing Assets/Prefabs/AurynSky/Forest Pack using Guid(6558d2133b7a24c4a89b5b4cb6728790) Importer(815301076,1909f56bfc062723c751e8b465ee728b)  -> (artifact id: 'c3bc6d2f58becff0a577a6bd118daabe') in 0.017453 seconds
  Import took 0.022114 seconds .

========================================================================
Received Import Request.
  Time since last request: 0.000910 seconds.
  path: Assets/Prefabs/AurynSky/Forest Pack
  artifactKey: Guid(6558d2133b7a24c4a89b5b4cb6728790) Importer(815301076,1909f56bfc062723c751e8b465ee728b)
Start importing Assets/Prefabs/AurynSky/Forest Pack using Guid(6558d2133b7a24c4a89b5b4cb6728790) Importer(815301076,1909f56bfc062723c751e8b465ee728b)  -> (artifact id: 'c3bc6d2f58becff0a577a6bd118daabe') in 0.003682 seconds
  Import took 0.013187 seconds .

========================================================================
Received Import Request.
  Time since last request: 1.128854 seconds.
  path: Assets/Prefabs/AurynSky/Forest Pack/Models
  artifactKey: Guid(1fbd0994cc948f24eafcf9f475618db0) Importer(815301076,1909f56bfc062723c751e8b465ee728b)
Start importing Assets/Prefabs/AurynSky/Forest Pack/Models using Guid(1fbd0994cc948f24eafcf9f475618db0) Importer(815301076,1909f56bfc062723c751e8b465ee728b)  -> (artifact id: 'eccd0ccf7cea32e944dbc130ca4d5dc0') in 0.013780 seconds
  Import took 0.018622 seconds .

========================================================================
Received Import Request.
  Time since last request: 0.003242 seconds.
  path: Assets/Prefabs/AurynSky/Forest Pack/Models
  artifactKey: Guid(1fbd0994cc948f24eafcf9f475618db0) Importer(815301076,1909f56bfc062723c751e8b465ee728b)
Start importing Assets/Prefabs/AurynSky/Forest Pack/Models using Guid(1fbd0994cc948f24eafcf9f475618db0) Importer(815301076,1909f56bfc062723c751e8b465ee728b)  -> (artifact id: 'eccd0ccf7cea32e944dbc130ca4d5dc0') in 0.004734 seconds
  Import took 0.008085 seconds .

========================================================================
Received Import Request.
  Time since last request: 2.112862 seconds.
  path: Assets/Prefabs/AurynSky/Forest Pack/READ ME.txt
  artifactKey: Guid(0fdedd10be9e5844ca89f41eb13ad0cc) Importer(815301076,1909f56bfc062723c751e8b465ee728b)
Start importing Assets/Prefabs/AurynSky/Forest Pack/READ ME.txt using Guid(0fdedd10be9e5844ca89f41eb13ad0cc) Importer(815301076,1909f56bfc062723c751e8b465ee728b)  -> (artifact id: '36f61e8177e0f4b8f7a371a53958251c') in 0.026503 seconds
  Import took 0.029332 seconds .

========================================================================
Received Import Request.
  Time since last request: 0.042972 seconds.
  path: Assets/Prefabs/AurynSky/Forest Pack/READ ME.txt
  artifactKey: Guid(0fdedd10be9e5844ca89f41eb13ad0cc) Importer(815301076,1909f56bfc062723c751e8b465ee728b)
Start importing Assets/Prefabs/AurynSky/Forest Pack/READ ME.txt using Guid(0fdedd10be9e5844ca89f41eb13ad0cc) Importer(815301076,1909f56bfc062723c751e8b465ee728b)  -> (artifact id: '36f61e8177e0f4b8f7a371a53958251c') in 0.002852 seconds
  Import took 0.005569 seconds .

========================================================================
Received Import Request.
  Time since last request: 35.092468 seconds.
  path: Assets/Prefabs/AurynSky/Forest Pack/Models/ForestCoin.fbx
  artifactKey: Guid(200be9953d192cd48a8b41a5db3fd1bf) Importer(815301076,1909f56bfc062723c751e8b465ee728b)
Start importing Assets/Prefabs/AurynSky/Forest Pack/Models/ForestCoin.fbx using Guid(200be9953d192cd48a8b41a5db3fd1bf) Importer(815301076,1909f56bfc062723c751e8b465ee728b)  -> (artifact id: 'b7543e11b26586e288216a4c2acfac67') in 0.379834 seconds
  Import took 0.383044 seconds .

========================================================================
Received Prepare
Registering precompiled user dll's ...
Registered in 0.000641 seconds.
Begin MonoManager ReloadAssembly
Native extension for WindowsStandalone target not found
Native extension for WebGL target not found
Refreshing native plugins compatible for Editor in 0.21 ms, found 0 plugins.
Preloading 0 native plugins for Editor in 0.00 ms.
Invoked RoslynAnalysisRunner static constructor.
RoslynAnalysisRunner will not be running.
RoslynAnalysisRunner has terminated.
Mono: successfully reloaded assembly
- Completed reload, in  1.001 seconds
Platform modules already initialized, skipping
Refreshing native plugins compatible for Editor in 0.22 ms, found 0 plugins.
Preloading 0 native plugins for Editor in 0.00 ms.
Unloading 1101 Unused Serialized files (Serialized files now loaded: 0)
System memory in use before: 61.8 MB.
System memory in use after: 61.9 MB.

Unloading 5 unused Assets to reduce memory usage. Loaded Objects now: 1634.
Total: 2.056000 ms (FindLiveObjects: 0.168600 ms CreateObjectMapping: 0.045600 ms MarkObjects: 1.735900 ms  DeleteObjects: 0.104500 ms)

========================================================================
Received Prepare
Registering precompiled user dll's ...
Registered in 0.003098 seconds.
Begin MonoManager ReloadAssembly
Native extension for WindowsStandalone target not found
Native extension for WebGL target not found
Refreshing native plugins compatible for Editor in 0.54 ms, found 0 plugins.
Preloading 0 native plugins for Editor in 0.00 ms.
Invoked RoslynAnalysisRunner static constructor.
RoslynAnalysisRunner will not be running.
RoslynAnalysisRunner has terminated.
Mono: successfully reloaded assembly
- Completed reload, in  1.588 seconds
Platform modules already initialized, skipping
Refreshing native plugins compatible for Editor in 0.25 ms, found 0 plugins.
Preloading 0 native plugins for Editor in 0.00 ms.
Unloading 1101 Unused Serialized files (Serialized files now loaded: 0)
System memory in use before: 62.0 MB.
System memory in use after: 62.1 MB.

Unloading 5 unused Assets to reduce memory usage. Loaded Objects now: 1636.
Total: 2.465300 ms (FindLiveObjects: 0.242600 ms CreateObjectMapping: 0.092900 ms MarkObjects: 2.060400 ms  DeleteObjects: 0.067500 ms)

========================================================================
Received Import Request.
  Time since last request: 97.429324 seconds.
  path: Assets/Prefabs/AurynSky/Forest Pack/Textures
  artifactKey: Guid(149317c8cb13b3e4681ea9ecb0b2150e) Importer(815301076,1909f56bfc062723c751e8b465ee728b)
Start importing Assets/Prefabs/AurynSky/Forest Pack/Textures using Guid(149317c8cb13b3e4681ea9ecb0b2150e) Importer(815301076,1909f56bfc062723c751e8b465ee728b)  -> (artifact id: '9dcb6e85531b3e19cc9233bc643ea921') in 0.013594 seconds
  Import took 0.021410 seconds .

========================================================================
Received Import Request.
  Time since last request: 0.058868 seconds.
  path: Assets/Prefabs/AurynSky/Forest Pack/Textures/ColorPaletteBLUE.png
  artifactKey: Guid(d5fb391f53f55904c8e59e6670523ab9) Importer(815301076,1909f56bfc062723c751e8b465ee728b)
Start importing Assets/Prefabs/AurynSky/Forest Pack/Textures/ColorPaletteBLUE.png using Guid(d5fb391f53f55904c8e59e6670523ab9) Importer(815301076,1909f56bfc062723c751e8b465ee728b)  -> (artifact id: '70884562695d7f7e2f99ff652deb3aa5') in 0.080328 seconds
  Import took 0.083357 seconds .

========================================================================
Received Import Request.
  Time since last request: 4.030267 seconds.
  path: Assets/Prefabs/AurynSky/Forest Pack/Materials
  artifactKey: Guid(966c07e4f301dd448b522004646f255d) Importer(815301076,1909f56bfc062723c751e8b465ee728b)
Start importing Assets/Prefabs/AurynSky/Forest Pack/Materials using Guid(966c07e4f301dd448b522004646f255d) Importer(815301076,1909f56bfc062723c751e8b465ee728b)  -> (artifact id: '84e62d42489de13271e5decb136547f0') in 0.009568 seconds
  Import took 0.013450 seconds .

========================================================================
Received Import Request.
  Time since last request: 0.005656 seconds.
  path: Assets/Prefabs/AurynSky/Forest Pack/Materials
  artifactKey: Guid(966c07e4f301dd448b522004646f255d) Importer(815301076,1909f56bfc062723c751e8b465ee728b)
Start importing Assets/Prefabs/AurynSky/Forest Pack/Materials using Guid(966c07e4f301dd448b522004646f255d) Importer(815301076,1909f56bfc062723c751e8b465ee728b)  -> (artifact id: '84e62d42489de13271e5decb136547f0') in 0.006493 seconds
  Import took 0.011723 seconds .

========================================================================
Received Import Request.
  Time since last request: 0.058545 seconds.
  path: Assets/Prefabs/AurynSky/Forest Pack/Materials/ColorPaletteBLUE.mat
  artifactKey: Guid(e77b003cd8771304abfc74dd93c9f934) Importer(815301076,1909f56bfc062723c751e8b465ee728b)
Start importing Assets/Prefabs/AurynSky/Forest Pack/Materials/ColorPaletteBLUE.mat using Guid(e77b003cd8771304abfc74dd93c9f934) Importer(815301076,1909f56bfc062723c751e8b465ee728b)  -> (artifact id: '08aceb54a322e826d5a5aea6fa92272a') in 0.288608 seconds
  Import took 0.291908 seconds .

========================================================================
Received Import Request.
  Time since last request: 13.220931 seconds.
  path: Assets/Prefabs/ForestCoin.prefab
  artifactKey: Guid(5ec9611cd6a53054bb33b43477da201e) Importer(815301076,1909f56bfc062723c751e8b465ee728b)
Start importing Assets/Prefabs/ForestCoin.prefab using Guid(5ec9611cd6a53054bb33b43477da201e) Importer(815301076,1909f56bfc062723c751e8b465ee728b)  -> (artifact id: '8e7bf7411c862a739741968ca38ff67e') in 0.087428 seconds
  Import took 0.091904 seconds .

========================================================================
Received Import Request.
  Time since last request: 0.011883 seconds.
  path: Assets/Prefabs/ForestCoin.prefab
  artifactKey: Guid(5ec9611cd6a53054bb33b43477da201e) Importer(815301076,1909f56bfc062723c751e8b465ee728b)
Start importing Assets/Prefabs/ForestCoin.prefab using Guid(5ec9611cd6a53054bb33b43477da201e) Importer(815301076,1909f56bfc062723c751e8b465ee728b)  -> (artifact id: '8e7bf7411c862a739741968ca38ff67e') in 0.037988 seconds
  Import took 0.042022 seconds .

========================================================================
Received Import Request.
  Time since last request: 30.224887 seconds.
  path: Assets/Prefabs/Coin.prefab
  artifactKey: Guid(4d80f23765df2a346b3d240c64daf8de) Importer(815301076,1909f56bfc062723c751e8b465ee728b)
Start importing Assets/Prefabs/Coin.prefab using Guid(4d80f23765df2a346b3d240c64daf8de) Importer(815301076,1909f56bfc062723c751e8b465ee728b)  -> (artifact id: '81dd21ad7ab000772fa3b0b17672b6a9') in 0.049324 seconds
  Import took 0.052844 seconds .

========================================================================
Received Prepare
Registering precompiled user dll's ...
Registered in 0.000789 seconds.
Begin MonoManager ReloadAssembly
Native extension for WindowsStandalone target not found
Native extension for WebGL target not found
Refreshing native plugins compatible for Editor in 0.28 ms, found 0 plugins.
Preloading 0 native plugins for Editor in 0.00 ms.
Invoked RoslynAnalysisRunner static constructor.
RoslynAnalysisRunner will not be running.
RoslynAnalysisRunner has terminated.
Mono: successfully reloaded assembly
- Completed reload, in  0.957 seconds
Platform modules already initialized, skipping
Refreshing native plugins compatible for Editor in 0.21 ms, found 0 plugins.
Preloading 0 native plugins for Editor in 0.00 ms.
Unloading 1101 Unused Serialized files (Serialized files now loaded: 0)
System memory in use before: 62.2 MB.
System memory in use after: 62.3 MB.

Unloading 5 unused Assets to reduce memory usage. Loaded Objects now: 1639.
Total: 2.338700 ms (FindLiveObjects: 0.418900 ms CreateObjectMapping: 0.142700 ms MarkObjects: 1.712400 ms  DeleteObjects: 0.062600 ms)

========================================================================
Received Prepare
Registering precompiled user dll's ...
Registered in 0.000812 seconds.
Begin MonoManager ReloadAssembly
Native extension for WindowsStandalone target not found
Native extension for WebGL target not found
Refreshing native plugins compatible for Editor in 0.28 ms, found 0 plugins.
Preloading 0 native plugins for Editor in 0.00 ms.
Invoked RoslynAnalysisRunner static constructor.
RoslynAnalysisRunner will not be running.
RoslynAnalysisRunner has terminated.
Mono: successfully reloaded assembly
- Completed reload, in  1.094 seconds
Platform modules already initialized, skipping
Refreshing native plugins compatible for Editor in 0.51 ms, found 0 plugins.
Preloading 0 native plugins for Editor in 0.00 ms.
Unloading 1102 Unused Serialized files (Serialized files now loaded: 0)
System memory in use before: 62.5 MB.
System memory in use after: 62.5 MB.

Unloading 5 unused Assets to reduce memory usage. Loaded Objects now: 1642.
Total: 2.111800 ms (FindLiveObjects: 0.192300 ms CreateObjectMapping: 0.078700 ms MarkObjects: 1.742300 ms  DeleteObjects: 0.097000 ms)

========================================================================
Received Import Request.
  Time since last request: 1015.993100 seconds.
  path: Assets/Prefabs/Coin.prefab
  artifactKey: Guid(4d80f23765df2a346b3d240c64daf8de) Importer(815301076,1909f56bfc062723c751e8b465ee728b)
Start importing Assets/Prefabs/Coin.prefab using Guid(4d80f23765df2a346b3d240c64daf8de) Importer(815301076,1909f56bfc062723c751e8b465ee728b)  -> (artifact id: 'f6c766a6afcb404e47144653d0e3755f') in 0.131430 seconds
  Import took 0.134096 seconds .

========================================================================
Received Prepare
Registering precompiled user dll's ...
Registered in 0.000618 seconds.
Begin MonoManager ReloadAssembly
Native extension for WindowsStandalone target not found
Native extension for WebGL target not found
Refreshing native plugins compatible for Editor in 0.24 ms, found 0 plugins.
Preloading 0 native plugins for Editor in 0.00 ms.
Invoked RoslynAnalysisRunner static constructor.
RoslynAnalysisRunner will not be running.
RoslynAnalysisRunner has terminated.
Mono: successfully reloaded assembly
- Completed reload, in  1.087 seconds
Platform modules already initialized, skipping
Refreshing native plugins compatible for Editor in 0.22 ms, found 0 plugins.
Preloading 0 native plugins for Editor in 0.00 ms.
Unloading 1102 Unused Serialized files (Serialized files now loaded: 0)
System memory in use before: 62.6 MB.
System memory in use after: 62.7 MB.

Unloading 5 unused Assets to reduce memory usage. Loaded Objects now: 1645.
Total: 2.510800 ms (FindLiveObjects: 0.208700 ms CreateObjectMapping: 0.083700 ms MarkObjects: 2.148700 ms  DeleteObjects: 0.067900 ms)

========================================================================
Received Import Request.
  Time since last request: 168.533904 seconds.
  path: Assets/Prefabs/Coin.prefab
  artifactKey: Guid(4d80f23765df2a346b3d240c64daf8de) Importer(815301076,1909f56bfc062723c751e8b465ee728b)
Start importing Assets/Prefabs/Coin.prefab using Guid(4d80f23765df2a346b3d240c64daf8de) Importer(815301076,1909f56bfc062723c751e8b465ee728b)  -> (artifact id: '9fbd1735214a7f3ccc980edcabbcc7de') in 0.079794 seconds
  Import took 0.083020 seconds .

========================================================================
Received Prepare
Registering precompiled user dll's ...
Registered in 0.000615 seconds.
Begin MonoManager ReloadAssembly
Native extension for WindowsStandalone target not found
Native extension for WebGL target not found
Refreshing native plugins compatible for Editor in 0.22 ms, found 0 plugins.
Preloading 0 native plugins for Editor in 0.00 ms.
Invoked RoslynAnalysisRunner static constructor.
RoslynAnalysisRunner will not be running.
RoslynAnalysisRunner has terminated.
Mono: successfully reloaded assembly
- Completed reload, in  0.936 seconds
Platform modules already initialized, skipping
Refreshing native plugins compatible for Editor in 0.22 ms, found 0 plugins.
Preloading 0 native plugins for Editor in 0.00 ms.
Unloading 1102 Unused Serialized files (Serialized files now loaded: 0)
System memory in use before: 61.9 MB.
System memory in use after: 62.0 MB.

Unloading 5 unused Assets to reduce memory usage. Loaded Objects now: 1648.
Total: 2.370700 ms (FindLiveObjects: 0.347900 ms CreateObjectMapping: 0.115100 ms MarkObjects: 1.834100 ms  DeleteObjects: 0.071100 ms)

========================================================================
Received Prepare
Registering precompiled user dll's ...
Registered in 0.000967 seconds.
Begin MonoManager ReloadAssembly
Native extension for WindowsStandalone target not found
Native extension for WebGL target not found
Refreshing native plugins compatible for Editor in 0.31 ms, found 0 plugins.
Preloading 0 native plugins for Editor in 0.00 ms.
Invoked RoslynAnalysisRunner static constructor.
RoslynAnalysisRunner will not be running.
RoslynAnalysisRunner has terminated.
Mono: successfully reloaded assembly
- Completed reload, in  1.034 seconds
Platform modules already initialized, skipping
Refreshing native plugins compatible for Editor in 0.22 ms, found 0 plugins.
Preloading 0 native plugins for Editor in 0.00 ms.
Unloading 1102 Unused Serialized files (Serialized files now loaded: 0)
System memory in use before: 62.1 MB.
System memory in use after: 62.2 MB.

Unloading 5 unused Assets to reduce memory usage. Loaded Objects now: 1650.
Total: 2.232900 ms (FindLiveObjects: 0.227000 ms CreateObjectMapping: 0.051600 ms MarkObjects: 1.860800 ms  DeleteObjects: 0.091900 ms)

========================================================================
Received Prepare
Registering precompiled user dll's ...
Registered in 0.000992 seconds.
Begin MonoManager ReloadAssembly
Native extension for WindowsStandalone target not found
Native extension for WebGL target not found
Refreshing native plugins compatible for Editor in 0.23 ms, found 0 plugins.
Preloading 0 native plugins for Editor in 0.00 ms.
Invoked RoslynAnalysisRunner static constructor.
RoslynAnalysisRunner will not be running.
RoslynAnalysisRunner has terminated.
Mono: successfully reloaded assembly
- Completed reload, in  0.993 seconds
Platform modules already initialized, skipping
Refreshing native plugins compatible for Editor in 0.22 ms, found 0 plugins.
Preloading 0 native plugins for Editor in 0.00 ms.
Unloading 1102 Unused Serialized files (Serialized files now loaded: 0)
System memory in use before: 62.3 MB.
System memory in use after: 62.4 MB.

Unloading 5 unused Assets to reduce memory usage. Loaded Objects now: 1652.
Total: 2.199500 ms (FindLiveObjects: 0.232900 ms CreateObjectMapping: 0.051000 ms MarkObjects: 1.808700 ms  DeleteObjects: 0.105800 ms)

========================================================================
Received Prepare
Registering precompiled user dll's ...
Registered in 0.001131 seconds.
Begin MonoManager ReloadAssembly
Native extension for WindowsStandalone target not found
Native extension for WebGL target not found
Refreshing native plugins compatible for Editor in 0.24 ms, found 0 plugins.
Preloading 0 native plugins for Editor in 0.00 ms.
Invoked RoslynAnalysisRunner static constructor.
RoslynAnalysisRunner will not be running.
RoslynAnalysisRunner has terminated.
Mono: successfully reloaded assembly
- Completed reload, in  1.347 seconds
Platform modules already initialized, skipping
Refreshing native plugins compatible for Editor in 0.27 ms, found 0 plugins.
Preloading 0 native plugins for Editor in 0.00 ms.
Unloading 1102 Unused Serialized files (Serialized files now loaded: 0)
System memory in use before: 62.5 MB.
System memory in use after: 62.6 MB.

Unloading 5 unused Assets to reduce memory usage. Loaded Objects now: 1654.
Total: 2.733300 ms (FindLiveObjects: 0.242700 ms CreateObjectMapping: 0.080000 ms MarkObjects: 2.309300 ms  DeleteObjects: 0.098300 ms)

========================================================================
Received Prepare
Registering precompiled user dll's ...
Registered in 0.000941 seconds.
Begin MonoManager ReloadAssembly
Native extension for WindowsStandalone target not found
Native extension for WebGL target not found
Refreshing native plugins compatible for Editor in 0.24 ms, found 0 plugins.
Preloading 0 native plugins for Editor in 0.00 ms.
Invoked RoslynAnalysisRunner static constructor.
RoslynAnalysisRunner will not be running.
RoslynAnalysisRunner has terminated.
Mono: successfully reloaded assembly
- Completed reload, in  1.345 seconds
Platform modules already initialized, skipping
Refreshing native plugins compatible for Editor in 0.28 ms, found 0 plugins.
Preloading 0 native plugins for Editor in 0.00 ms.
Unloading 1102 Unused Serialized files (Serialized files now loaded: 0)
System memory in use before: 62.6 MB.
System memory in use after: 62.7 MB.

Unloading 5 unused Assets to reduce memory usage. Loaded Objects now: 1656.
Total: 2.212800 ms (FindLiveObjects: 0.197800 ms CreateObjectMapping: 0.065300 ms MarkObjects: 1.892400 ms  DeleteObjects: 0.055700 ms)

========================================================================
Received Prepare
Registering precompiled user dll's ...
Registered in 0.001158 seconds.
Begin MonoManager ReloadAssembly
Native extension for WindowsStandalone target not found
Native extension for WebGL target not found
Refreshing native plugins compatible for Editor in 0.25 ms, found 0 plugins.
Preloading 0 native plugins for Editor in 0.00 ms.
Invoked RoslynAnalysisRunner static constructor.
RoslynAnalysisRunner will not be running.
RoslynAnalysisRunner has terminated.
Mono: successfully reloaded assembly
- Completed reload, in  1.104 seconds
Platform modules already initialized, skipping
Refreshing native plugins compatible for Editor in 0.25 ms, found 0 plugins.
Preloading 0 native plugins for Editor in 0.00 ms.
Unloading 1102 Unused Serialized files (Serialized files now loaded: 0)
System memory in use before: 62.0 MB.
System memory in use after: 62.0 MB.

Unloading 5 unused Assets to reduce memory usage. Loaded Objects now: 1658.
Total: 2.424500 ms (FindLiveObjects: 0.321300 ms CreateObjectMapping: 0.051500 ms MarkObjects: 1.995700 ms  DeleteObjects: 0.054000 ms)

========================================================================
Received Import Request.
  Time since last request: 775.921051 seconds.
  path: Assets/Prefabs/NicePng_8-bit-mario-png_1648732.png
  artifactKey: Guid(2591ec02aa6d5df48a0fb4ddf5ca8695) Importer(815301076,1909f56bfc062723c751e8b465ee728b)
Start importing Assets/Prefabs/NicePng_8-bit-mario-png_1648732.png using Guid(2591ec02aa6d5df48a0fb4ddf5ca8695) Importer(815301076,1909f56bfc062723c751e8b465ee728b)  -> (artifact id: '0f2546be5a5f004402b41e64045e8fd5') in 0.140373 seconds
  Import took 0.143563 seconds .

========================================================================
Received Import Request.
  Time since last request: 19.001656 seconds.
  path: Assets/NicePng_8-bit-mario-png_1648732.png
  artifactKey: Guid(2591ec02aa6d5df48a0fb4ddf5ca8695) Importer(815301076,1909f56bfc062723c751e8b465ee728b)
Start importing Assets/NicePng_8-bit-mario-png_1648732.png using Guid(2591ec02aa6d5df48a0fb4ddf5ca8695) Importer(815301076,1909f56bfc062723c751e8b465ee728b)  -> (artifact id: '3876093dbdc144dce9aeb715ee6845ec') in 0.065298 seconds
  Import took 0.145362 seconds .

========================================================================
Received Prepare
Registering precompiled user dll's ...
Registered in 0.000612 seconds.
Begin MonoManager ReloadAssembly
Native extension for WindowsStandalone target not found
Native extension for WebGL target not found
Refreshing native plugins compatible for Editor in 0.22 ms, found 0 plugins.
Preloading 0 native plugins for Editor in 0.00 ms.
Invoked RoslynAnalysisRunner static constructor.
RoslynAnalysisRunner will not be running.
RoslynAnalysisRunner has terminated.
Mono: successfully reloaded assembly
- Completed reload, in  1.025 seconds
Platform modules already initialized, skipping
Refreshing native plugins compatible for Editor in 0.27 ms, found 0 plugins.
Preloading 0 native plugins for Editor in 0.00 ms.
Unloading 1102 Unused Serialized files (Serialized files now loaded: 0)
System memory in use before: 62.2 MB.
System memory in use after: 62.3 MB.

Unloading 5 unused Assets to reduce memory usage. Loaded Objects now: 1664.
Total: 2.247300 ms (FindLiveObjects: 0.161200 ms CreateObjectMapping: 0.065700 ms MarkObjects: 1.930800 ms  DeleteObjects: 0.088200 ms)

========================================================================
Received Prepare
Registering precompiled user dll's ...
Registered in 0.000732 seconds.
Begin MonoManager ReloadAssembly
Native extension for WindowsStandalone target not found
Native extension for WebGL target not found
Refreshing native plugins compatible for Editor in 0.22 ms, found 0 plugins.
Preloading 0 native plugins for Editor in 0.00 ms.
Invoked RoslynAnalysisRunner static constructor.
RoslynAnalysisRunner will not be running.
RoslynAnalysisRunner has terminated.
Mono: successfully reloaded assembly
- Completed reload, in  0.927 seconds
Platform modules already initialized, skipping
Refreshing native plugins compatible for Editor in 0.23 ms, found 0 plugins.
Preloading 0 native plugins for Editor in 0.00 ms.
Unloading 1102 Unused Serialized files (Serialized files now loaded: 0)
System memory in use before: 62.4 MB.
System memory in use after: 62.5 MB.

Unloading 5 unused Assets to reduce memory usage. Loaded Objects now: 1666.
Total: 2.843800 ms (FindLiveObjects: 0.253600 ms CreateObjectMapping: 0.083000 ms MarkObjects: 2.385500 ms  DeleteObjects: 0.120000 ms)

========================================================================
Received Prepare
Registering precompiled user dll's ...
Registered in 0.000691 seconds.
Begin MonoManager ReloadAssembly
Native extension for WindowsStandalone target not found
Native extension for WebGL target not found
Refreshing native plugins compatible for Editor in 0.25 ms, found 0 plugins.
Preloading 0 native plugins for Editor in 0.00 ms.
Invoked RoslynAnalysisRunner static constructor.
RoslynAnalysisRunner will not be running.
RoslynAnalysisRunner has terminated.
Mono: successfully reloaded assembly
- Completed reload, in  1.121 seconds
Platform modules already initialized, skipping
Refreshing native plugins compatible for Editor in 0.24 ms, found 0 plugins.
Preloading 0 native plugins for Editor in 0.00 ms.
Unloading 1102 Unused Serialized files (Serialized files now loaded: 0)
System memory in use before: 62.6 MB.
System memory in use after: 62.7 MB.

Unloading 5 unused Assets to reduce memory usage. Loaded Objects now: 1668.
Total: 2.574400 ms (FindLiveObjects: 0.266400 ms CreateObjectMapping: 0.086300 ms MarkObjects: 2.152000 ms  DeleteObjects: 0.068300 ms)

========================================================================
Received Prepare
Registering precompiled user dll's ...
Registered in 0.000598 seconds.
Begin MonoManager ReloadAssembly
Native extension for WindowsStandalone target not found
Native extension for WebGL target not found
Refreshing native plugins compatible for Editor in 0.21 ms, found 0 plugins.
Preloading 0 native plugins for Editor in 0.00 ms.
Invoked RoslynAnalysisRunner static constructor.
RoslynAnalysisRunner will not be running.
RoslynAnalysisRunner has terminated.
Mono: successfully reloaded assembly
- Completed reload, in  0.989 seconds
Platform modules already initialized, skipping
Refreshing native plugins compatible for Editor in 0.39 ms, found 0 plugins.
Preloading 0 native plugins for Editor in 0.00 ms.
Unloading 1102 Unused Serialized files (Serialized files now loaded: 0)
System memory in use before: 62.7 MB.
System memory in use after: 62.8 MB.

Unloading 5 unused Assets to reduce memory usage. Loaded Objects now: 1670.
Total: 3.119700 ms (FindLiveObjects: 0.269600 ms CreateObjectMapping: 0.062400 ms MarkObjects: 2.673100 ms  DeleteObjects: 0.112700 ms)

========================================================================
Received Prepare
Registering precompiled user dll's ...
Registered in 0.000717 seconds.
Begin MonoManager ReloadAssembly
Native extension for WindowsStandalone target not found
Native extension for WebGL target not found
Refreshing native plugins compatible for Editor in 1.51 ms, found 0 plugins.
Preloading 0 native plugins for Editor in 0.00 ms.
Invoked RoslynAnalysisRunner static constructor.
RoslynAnalysisRunner will not be running.
RoslynAnalysisRunner has terminated.
Mono: successfully reloaded assembly
- Completed reload, in  1.497 seconds
Platform modules already initialized, skipping
Refreshing native plugins compatible for Editor in 0.32 ms, found 0 plugins.
Preloading 0 native plugins for Editor in 0.00 ms.
Unloading 1102 Unused Serialized files (Serialized files now loaded: 0)
System memory in use before: 62.0 MB.
System memory in use after: 62.1 MB.

Unloading 5 unused Assets to reduce memory usage. Loaded Objects now: 1672.
Total: 4.103600 ms (FindLiveObjects: 0.457900 ms CreateObjectMapping: 0.203300 ms MarkObjects: 3.291400 ms  DeleteObjects: 0.146100 ms)

========================================================================
Received Prepare
Registering precompiled user dll's ...
Registered in 0.000828 seconds.
Begin MonoManager ReloadAssembly
Native extension for WindowsStandalone target not found
Native extension for WebGL target not found
Refreshing native plugins compatible for Editor in 0.33 ms, found 0 plugins.
Preloading 0 native plugins for Editor in 0.00 ms.
Invoked RoslynAnalysisRunner static constructor.
RoslynAnalysisRunner will not be running.
RoslynAnalysisRunner has terminated.
Mono: successfully reloaded assembly
- Completed reload, in  1.642 seconds
Platform modules already initialized, skipping
Refreshing native plugins compatible for Editor in 0.37 ms, found 0 plugins.
Preloading 0 native plugins for Editor in 0.00 ms.
Unloading 1103 Unused Serialized files (Serialized files now loaded: 0)
System memory in use before: 62.3 MB.
System memory in use after: 62.3 MB.

Unloading 5 unused Assets to reduce memory usage. Loaded Objects now: 1675.
Total: 3.055800 ms (FindLiveObjects: 0.389200 ms CreateObjectMapping: 0.062500 ms MarkObjects: 2.544400 ms  DeleteObjects: 0.057700 ms)

========================================================================
Received Prepare
Registering precompiled user dll's ...
Registered in 0.000656 seconds.
Begin MonoManager ReloadAssembly
Native extension for WindowsStandalone target not found
Native extension for WebGL target not found
Refreshing native plugins compatible for Editor in 0.21 ms, found 0 plugins.
Preloading 0 native plugins for Editor in 0.00 ms.
Invoked RoslynAnalysisRunner static constructor.
RoslynAnalysisRunner will not be running.
RoslynAnalysisRunner has terminated.
Mono: successfully reloaded assembly
- Completed reload, in  0.978 seconds
Platform modules already initialized, skipping
Refreshing native plugins compatible for Editor in 0.24 ms, found 0 plugins.
Preloading 0 native plugins for Editor in 0.00 ms.
Unloading 1103 Unused Serialized files (Serialized files now loaded: 0)
System memory in use before: 62.5 MB.
System memory in use after: 62.6 MB.

Unloading 5 unused Assets to reduce memory usage. Loaded Objects now: 1677.
Total: 2.330900 ms (FindLiveObjects: 0.385200 ms CreateObjectMapping: 0.141000 ms MarkObjects: 1.723600 ms  DeleteObjects: 0.079700 ms)

========================================================================
Received Prepare
Registering precompiled user dll's ...
Registered in 0.000595 seconds.
Begin MonoManager ReloadAssembly
Native extension for WindowsStandalone target not found
Native extension for WebGL target not found
Refreshing native plugins compatible for Editor in 0.35 ms, found 0 plugins.
Preloading 0 native plugins for Editor in 0.00 ms.
Invoked RoslynAnalysisRunner static constructor.
RoslynAnalysisRunner will not be running.
RoslynAnalysisRunner has terminated.
Mono: successfully reloaded assembly
- Completed reload, in  1.082 seconds
Platform modules already initialized, skipping
Refreshing native plugins compatible for Editor in 0.32 ms, found 0 plugins.
Preloading 0 native plugins for Editor in 0.00 ms.
Unloading 1103 Unused Serialized files (Serialized files now loaded: 0)
System memory in use before: 62.7 MB.
System memory in use after: 62.8 MB.

Unloading 5 unused Assets to reduce memory usage. Loaded Objects now: 1679.
Total: 3.336500 ms (FindLiveObjects: 0.556200 ms CreateObjectMapping: 0.151300 ms MarkObjects: 2.504600 ms  DeleteObjects: 0.122300 ms)

========================================================================
Received Prepare
Registering precompiled user dll's ...
Registered in 0.000579 seconds.
Begin MonoManager ReloadAssembly
Native extension for WindowsStandalone target not found
Native extension for WebGL target not found
Refreshing native plugins compatible for Editor in 0.30 ms, found 0 plugins.
Preloading 0 native plugins for Editor in 0.00 ms.
Invoked RoslynAnalysisRunner static constructor.
RoslynAnalysisRunner will not be running.
RoslynAnalysisRunner has terminated.
Mono: successfully reloaded assembly
- Completed reload, in  1.160 seconds
Platform modules already initialized, skipping
Refreshing native plugins compatible for Editor in 0.25 ms, found 0 plugins.
Preloading 0 native plugins for Editor in 0.00 ms.
Unloading 1103 Unused Serialized files (Serialized files now loaded: 0)
System memory in use before: 62.7 MB.
System memory in use after: 62.8 MB.

Unloading 5 unused Assets to reduce memory usage. Loaded Objects now: 1681.
Total: 2.313400 ms (FindLiveObjects: 0.206900 ms CreateObjectMapping: 0.065900 ms MarkObjects: 1.955900 ms  DeleteObjects: 0.082900 ms)

========================================================================
Received Import Request.
  Time since last request: 2208.256961 seconds.
  path: Assets/Scripts/GameManagement/ParticleSystemVisuals.cs
  artifactKey: Guid(1f3df813af727f24f8b4c15f731f881f) Importer(815301076,1909f56bfc062723c751e8b465ee728b)
Start importing Assets/Scripts/GameManagement/ParticleSystemVisuals.cs using Guid(1f3df813af727f24f8b4c15f731f881f) Importer(815301076,1909f56bfc062723c751e8b465ee728b)  -> (artifact id: '5605e58b4ef35bd4e77291ad66fd1daa') in 0.015298 seconds
  Import took 0.018725 seconds .

========================================================================
Received Import Request.
  Time since last request: 0.030777 seconds.
  path: Assets/Scripts/GameManagement/ParticleSystemVisuals.cs
  artifactKey: Guid(1f3df813af727f24f8b4c15f731f881f) Importer(815301076,1909f56bfc062723c751e8b465ee728b)
Start importing Assets/Scripts/GameManagement/ParticleSystemVisuals.cs using Guid(1f3df813af727f24f8b4c15f731f881f) Importer(815301076,1909f56bfc062723c751e8b465ee728b)  -> (artifact id: '5605e58b4ef35bd4e77291ad66fd1daa') in 0.003397 seconds
  Import took 0.006332 seconds .

========================================================================
Received Prepare
Registering precompiled user dll's ...
Registered in 0.000800 seconds.
Begin MonoManager ReloadAssembly
Native extension for WindowsStandalone target not found
Native extension for WebGL target not found
Refreshing native plugins compatible for Editor in 0.42 ms, found 0 plugins.
Preloading 0 native plugins for Editor in 0.00 ms.
Invoked RoslynAnalysisRunner static constructor.
RoslynAnalysisRunner will not be running.
RoslynAnalysisRunner has terminated.
Mono: successfully reloaded assembly
- Completed reload, in  1.642 seconds
Platform modules already initialized, skipping
Refreshing native plugins compatible for Editor in 0.28 ms, found 0 plugins.
Preloading 0 native plugins for Editor in 0.00 ms.
Unloading 1103 Unused Serialized files (Serialized files now loaded: 0)
System memory in use before: 62.1 MB.
System memory in use after: 62.2 MB.

Unloading 5 unused Assets to reduce memory usage. Loaded Objects now: 1683.
Total: 2.296600 ms (FindLiveObjects: 0.195300 ms CreateObjectMapping: 0.061900 ms MarkObjects: 1.980100 ms  DeleteObjects: 0.057800 ms)

========================================================================
Received Prepare
Registering precompiled user dll's ...
Registered in 0.000751 seconds.
Begin MonoManager ReloadAssembly
Native extension for WindowsStandalone target not found
Native extension for WebGL target not found
Refreshing native plugins compatible for Editor in 0.35 ms, found 0 plugins.
Preloading 0 native plugins for Editor in 0.00 ms.
Invoked RoslynAnalysisRunner static constructor.
RoslynAnalysisRunner will not be running.
RoslynAnalysisRunner has terminated.
Mono: successfully reloaded assembly
- Completed reload, in  1.528 seconds
Platform modules already initialized, skipping
Refreshing native plugins compatible for Editor in 0.27 ms, found 0 plugins.
Preloading 0 native plugins for Editor in 0.00 ms.
Unloading 1103 Unused Serialized files (Serialized files now loaded: 0)
System memory in use before: 62.3 MB.
System memory in use after: 62.4 MB.

Unloading 5 unused Assets to reduce memory usage. Loaded Objects now: 1685.
Total: 2.613000 ms (FindLiveObjects: 0.245300 ms CreateObjectMapping: 0.064900 ms MarkObjects: 2.227000 ms  DeleteObjects: 0.073800 ms)

========================================================================
Received Prepare
Registering precompiled user dll's ...
Registered in 0.000918 seconds.
Begin MonoManager ReloadAssembly
Native extension for WindowsStandalone target not found
Native extension for WebGL target not found
Refreshing native plugins compatible for Editor in 0.29 ms, found 0 plugins.
Preloading 0 native plugins for Editor in 0.00 ms.
Invoked RoslynAnalysisRunner static constructor.
RoslynAnalysisRunner will not be running.
RoslynAnalysisRunner has terminated.
Mono: successfully reloaded assembly
- Completed reload, in  1.205 seconds
Platform modules already initialized, skipping
Refreshing native plugins compatible for Editor in 0.25 ms, found 0 plugins.
Preloading 0 native plugins for Editor in 0.00 ms.
Unloading 1103 Unused Serialized files (Serialized files now loaded: 0)
System memory in use before: 62.5 MB.
System memory in use after: 62.6 MB.

Unloading 5 unused Assets to reduce memory usage. Loaded Objects now: 1687.
Total: 2.550000 ms (FindLiveObjects: 0.202300 ms CreateObjectMapping: 0.059000 ms MarkObjects: 2.228400 ms  DeleteObjects: 0.058300 ms)

========================================================================
Received Prepare
Registering precompiled user dll's ...
Registered in 0.000677 seconds.
Begin MonoManager ReloadAssembly
Native extension for WindowsStandalone target not found
Native extension for WebGL target not found
Refreshing native plugins compatible for Editor in 0.28 ms, found 0 plugins.
Preloading 0 native plugins for Editor in 0.00 ms.
Invoked RoslynAnalysisRunner static constructor.
RoslynAnalysisRunner will not be running.
RoslynAnalysisRunner has terminated.
Mono: successfully reloaded assembly
- Completed reload, in  1.113 seconds
Platform modules already initialized, skipping
Refreshing native plugins compatible for Editor in 0.25 ms, found 0 plugins.
Preloading 0 native plugins for Editor in 0.00 ms.
Unloading 1103 Unused Serialized files (Serialized files now loaded: 0)
System memory in use before: 62.7 MB.
System memory in use after: 62.8 MB.

Unloading 5 unused Assets to reduce memory usage. Loaded Objects now: 1689.
Total: 3.059100 ms (FindLiveObjects: 0.273200 ms CreateObjectMapping: 0.053100 ms MarkObjects: 2.632100 ms  DeleteObjects: 0.098400 ms)

========================================================================
Received Prepare
Refreshing native plugins compatible for Editor in 0.86 ms, found 0 plugins.
Preloading 0 native plugins for Editor in 0.00 ms.
Unloading 6 Unused Serialized files (Serialized files now loaded: 0)
System memory in use before: 40.1 MB.
System memory in use after: 40.2 MB.

Unloading 3 unused Assets to reduce memory usage. Loaded Objects now: 1689.
Total: 2.452100 ms (FindLiveObjects: 0.257100 ms CreateObjectMapping: 0.059900 ms MarkObjects: 2.069700 ms  DeleteObjects: 0.063900 ms)

AssetImportWorkerClient::OnTransportError - code=2 error=End of file
